Using pre-set license
Built from '2020.3/staging' branch; Version is '2020.3.5f1 (8095aa901b9b) revision 8426922'; Using compiler version '192528614'; Build Type 'Release'
OS: 'Windows 10 Pro; OS build 19043.1645; Version 2009; 64bit' Language: 'en' Physical Memory: 16314 MB
BatchMode: 1, IsHumanControllingUs: 0, StartBugReporterOnCrash: 0, Is64bit: 1, IsPro: 0

 COMMAND LINE ARGUMENTS:
C:\Program Files\Unity\Hub\Editor\2020.3.5f1\Editor\Unity.exe
-adb2
-batchMode
-noUpm
-name
AssetImportWorker0
-projectPath
C:/Users/thebe/Documents/GitHub/AIE2022-3_ComplexGameSystems/Stadaroj - AI Game System
-logFile
Logs/AssetImportWorker0.log
-srvPort
51251
Successfully changed project path to: C:/Users/thebe/Documents/GitHub/AIE2022-3_ComplexGameSystems/Stadaroj - AI Game System
C:/Users/thebe/Documents/GitHub/AIE2022-3_ComplexGameSystems/Stadaroj - AI Game System
Using Asset Import Pipeline V2.
Refreshing native plugins compatible for Editor in 32.66 ms, found 0 plugins.
Preloading 0 native plugins for Editor in 0.00 ms.
Initialize engine version: 2020.3.5f1 (8095aa901b9b)
[Subsystems] Discovering subsystems at path C:/Program Files/Unity/Hub/Editor/2020.3.5f1/Editor/Data/Resources/UnitySubsystems
[Subsystems] Discovering subsystems at path C:/Users/thebe/Documents/GitHub/AIE2022-3_ComplexGameSystems/Stadaroj - AI Game System/Assets
GfxDevice: creating device client; threaded=0
Direct3D:
    Version:  Direct3D 11.0 [level 11.1]
    Renderer: Radeon RX 560 Series (ID=0x67ff)
    Vendor:   
    VRAM:     2027 MB
    Driver:   30.0.13023.4001
Initialize mono
Mono path[0] = 'C:/Program Files/Unity/Hub/Editor/2020.3.5f1/Editor/Data/Managed'
Mono path[1] = 'C:/Program Files/Unity/Hub/Editor/2020.3.5f1/Editor/Data/MonoBleedingEdge/lib/mono/unityjit'
Mono config path = 'C:/Program Files/Unity/Hub/Editor/2020.3.5f1/Editor/Data/MonoBleedingEdge/etc'
Using monoOptions --debugger-agent=transport=dt_socket,embedding=1,server=y,suspend=n,address=127.0.0.1:56072
Begin MonoManager ReloadAssembly
Registering precompiled unity dll's ...
Register platform support module: C:/Program Files/Unity/Hub/Editor/2020.3.5f1/Editor/Data/PlaybackEngines/WebGLSupport/UnityEditor.WebGL.Extensions.dll
Register platform support module: C:/Program Files/Unity/Hub/Editor/2020.3.5f1/Editor/Data/PlaybackEngines/WindowsStandaloneSupport/UnityEditor.WindowsStandalone.Extensions.dll
Registered in 0.004477 seconds.
Native extension for WindowsStandalone target not found
Native extension for WebGL target not found
Refreshing native plugins compatible for Editor in 32.74 ms, found 0 plugins.
Preloading 0 native plugins for Editor in 0.00 ms.
Mono: successfully reloaded assembly
- Completed reload, in  3.238 seconds
Platform modules already initialized, skipping
Registering precompiled user dll's ...
Registered in 0.022439 seconds.
Begin MonoManager ReloadAssembly
Native extension for WindowsStandalone target not found
Native extension for WebGL target not found
Refreshing native plugins compatible for Editor in 0.30 ms, found 0 plugins.
Preloading 0 native plugins for Editor in 0.00 ms.
Mono: successfully reloaded assembly
- Completed reload, in  1.768 seconds
Platform modules already initialized, skipping
========================================================================
Worker process is ready to serve import requests
Launched and connected shader compiler UnityShaderCompiler.exe after 0.06 seconds
Refreshing native plugins compatible for Editor in 0.24 ms, found 0 plugins.
Preloading 0 native plugins for Editor in 0.00 ms.
Unloading 1115 Unused Serialized files (Serialized files now loaded: 0)
System memory in use before: 57.4 MB.
System memory in use after: 57.5 MB.

Unloading 10 unused Assets to reduce memory usage. Loaded Objects now: 1557.
Total: 2.181200 ms (FindLiveObjects: 0.197800 ms CreateObjectMapping: 0.039200 ms MarkObjects: 1.845600 ms  DeleteObjects: 0.097400 ms)

========================================================================
Received Import Request.
  path: Assets/Stadaroj
  artifactKey: Guid(554992204fc548045b7d5b5eb8e4f224) Importer(815301076,1909f56bfc062723c751e8b465ee728b)
Start importing Assets/Stadaroj using Guid(554992204fc548045b7d5b5eb8e4f224) Importer(815301076,1909f56bfc062723c751e8b465ee728b)  -> (artifact id: '66d172e0736bfaf6d8f93ae28a57bfa5') in 0.011880 seconds
  Import took 0.034631 seconds .

========================================================================
Received Import Request.
  Time since last request: 24.390701 seconds.
  path: Assets/Stadaroj/BoidAgent.cs
  artifactKey: Guid(c055fc791eaba3a498688c2f4ba667fc) Importer(815301076,1909f56bfc062723c751e8b465ee728b)
Start importing Assets/Stadaroj/BoidAgent.cs using Guid(c055fc791eaba3a498688c2f4ba667fc) Importer(815301076,1909f56bfc062723c751e8b465ee728b)  -> (artifact id: 'eeb2dd7688ca56ff7f82d4e79f5fa693') in 0.083432 seconds
  Import took 0.086922 seconds .

========================================================================
Received Prepare
Registering precompiled user dll's ...
Registered in 0.001110 seconds.
Begin MonoManager ReloadAssembly
Native extension for WindowsStandalone target not found
Native extension for WebGL target not found
Refreshing native plugins compatible for Editor in 0.25 ms, found 0 plugins.
Preloading 0 native plugins for Editor in 0.00 ms.
Mono: successfully reloaded assembly
- Completed reload, in  1.088 seconds
Platform modules already initialized, skipping
Refreshing native plugins compatible for Editor in 0.25 ms, found 0 plugins.
Preloading 0 native plugins for Editor in 0.00 ms.
Unloading 1111 Unused Serialized files (Serialized files now loaded: 0)
System memory in use before: 57.4 MB.
System memory in use after: 57.5 MB.

Unloading 5 unused Assets to reduce memory usage. Loaded Objects now: 1561.
Total: 2.092700 ms (FindLiveObjects: 0.185300 ms CreateObjectMapping: 0.033100 ms MarkObjects: 1.798600 ms  DeleteObjects: 0.073600 ms)

========================================================================
Received Import Request.
  Time since last request: 17.496722 seconds.
  path: Assets/Stadaroj/AgentManager.cs
  artifactKey: Guid(625ec71102de7e5478de915040d8c417) Importer(815301076,1909f56bfc062723c751e8b465ee728b)
Start importing Assets/Stadaroj/AgentManager.cs using Guid(625ec71102de7e5478de915040d8c417) Importer(815301076,1909f56bfc062723c751e8b465ee728b)  -> (artifact id: '5509f688ae7d83378769a176549fd33e') in 0.016959 seconds
  Import took 0.019924 seconds .

========================================================================
Received Prepare
Registering precompiled user dll's ...
Registered in 0.001147 seconds.
Begin MonoManager ReloadAssembly
Native extension for WindowsStandalone target not found
Native extension for WebGL target not found
Refreshing native plugins compatible for Editor in 0.26 ms, found 0 plugins.
Preloading 0 native plugins for Editor in 0.00 ms.
Mono: successfully reloaded assembly
- Completed reload, in  1.071 seconds
Platform modules already initialized, skipping
Refreshing native plugins compatible for Editor in 0.24 ms, found 0 plugins.
Preloading 0 native plugins for Editor in 0.00 ms.
Unloading 1112 Unused Serialized files (Serialized files now loaded: 0)
System memory in use before: 57.5 MB.
System memory in use after: 57.6 MB.

Unloading 5 unused Assets to reduce memory usage. Loaded Objects now: 1565.
Total: 3.123000 ms (FindLiveObjects: 0.272600 ms CreateObjectMapping: 0.052900 ms MarkObjects: 2.710800 ms  DeleteObjects: 0.084600 ms)

AssetImportWorkerClient::OnTransportError - code=2 error=End of file
